$ bun --bun next build
⚠ Specified "headers" will not automatically work with "output: export". See more info here: https://nextjs.org/docs/messages/export-no-custom-routes
▲ Next.js 16.1.6 (Turbopack)

  Creating an optimized production build ...
⚠ Specified "headers" will not automatically work with "output: export". See more info here: https://nextjs.org/docs/messages/export-no-custom-routes
✓ Compiled successfully in 12.6s
  Running TypeScript ...
  Collecting page data using 7 workers ...
  Generating static pages using 7 workers (0/6) ...
  Generating static pages using 7 workers (1/6) 
  Generating static pages using 7 workers (2/6) 
  Generating static pages using 7 workers (4/6) 
✓ Generating static pages using 7 workers (6/6) in 1078.7ms
  Finalizing page optimization ...
⚠ rewrites, redirects, and headers are not applied when exporting your application, detected (headers). See more info here: https://nextjs.org/docs/messages/export-no-custom-routes

Route (app)      Revalidate  Expire
┌ ○ /                    1h      1y
├ ○ /_not-found
├ ○ /about
├ ○ /ls                  1h      1y
└ ○ /ping


○  (Static)  prerendered as static content

